<?xml version="1.0" encoding="UTF-8"?>
<!-- Generated by org.testng.reporters.JUnitXMLReporter -->
<testsuite ignored="0" hostname="mousumi" failures="0" tests="62" name="Default test" time="26.279" errors="0" timestamp="2025-06-12T22:48:54 CDT">
  <testcase classname="testCase.SwaggerAPI" name="GetAllUsersTest" time="2.437"/>
  <testcase classname="testCase.SwaggerAPI" name="GetAllUsersTest" time="0.403"/>
  <testcase classname="testCase.SwaggerAPI" name="GetAllUsersTest" time="0.381"/>
  <testcase classname="testCase.SwaggerAPI" name="GetAllUsersTest" time="0.374"/>
  <testcase classname="testCase.SwaggerAPI" name="GetAllUsersTest" time="0.003">
    <skipped/>
  </testcase> <!-- GetAllUsersTest -->
  <testcase classname="testCase.SwaggerAPI" name="GetAllUsersTest" time="0.296"/>
  <testcase classname="testCase.SwaggerAPI" name="GetAllUsersTest" time="0.004">
    <skipped/>
  </testcase> <!-- GetAllUsersTest -->
  <testcase classname="testCase.SwaggerAPI" name="CreateUser" time="0.47"/>
  <testcase classname="testCase.SwaggerAPI" name="CreateUser" time="0.376"/>
  <testcase classname="testCase.SwaggerAPI" name="CreateUser" time="0.393"/>
  <testcase classname="testCase.SwaggerAPI" name="CreateUser" time="0.439"/>
  <testcase classname="testCase.SwaggerAPI" name="CreateUser" time="0.264"/>
  <testcase classname="testCase.SwaggerAPI" name="CreateUser" time="0.374"/>
  <testcase classname="testCase.SwaggerAPI" name="CreateUser" time="0.363"/>
  <testcase classname="testCase.SwaggerAPI" name="CreateUser" time="0.382"/>
  <testcase classname="testCase.SwaggerAPI" name="CreateUser" time="0.369"/>
  <testcase classname="testCase.SwaggerAPI" name="CreateUser" time="0.402"/>
  <testcase classname="testCase.SwaggerAPI" name="CreateUser" time="0.389"/>
  <testcase classname="testCase.SwaggerAPI" name="CreateUser" time="0.39"/>
  <testcase classname="testCase.SwaggerAPI" name="CreateUser" time="0.406"/>
  <testcase classname="testCase.SwaggerAPI" name="CreateUser" time="0.372"/>
  <testcase classname="testCase.SwaggerAPI" name="CreateUser" time="0.366"/>
  <testcase classname="testCase.SwaggerAPI" name="CreateUser" time="0.384"/>
  <testcase classname="testCase.SwaggerAPI" name="CreateUser" time="0.99"/>
  <testcase classname="testCase.SwaggerAPI" name="CreateUser" time="0.394"/>
  <testcase classname="testCase.SwaggerAPI" name="GetUserByFNameTest" time="0.392"/>
  <testcase classname="testCase.SwaggerAPI" name="GetUserByFNameTest" time="0.384"/>
  <testcase classname="testCase.SwaggerAPI" name="GetUserByFNameTest" time="0.388"/>
  <testcase classname="testCase.SwaggerAPI" name="GetUserByFNameTest" time="0.386"/>
  <testcase classname="testCase.SwaggerAPI" name="GetUserByFNameTest" time="0.003"/>
  <testcase classname="testCase.SwaggerAPI" name="GetUserByFNameTest" time="0.247"/>
  <testcase classname="testCase.SwaggerAPI" name="GetUserByFNameTest" time="0.378"/>
  <testcase classname="testCase.SwaggerAPI" name="GetUserByIdTest" time="0.381"/>
  <testcase classname="testCase.SwaggerAPI" name="GetUserByIdTest" time="0.384"/>
  <testcase classname="testCase.SwaggerAPI" name="GetUserByIdTest" time="0.381"/>
  <testcase classname="testCase.SwaggerAPI" name="GetUserByIdTest" time="0.377"/>
  <testcase classname="testCase.SwaggerAPI" name="GetUserByIdTest" time="0.379"/>
  <testcase classname="testCase.SwaggerAPI" name="GetUserByIdTest" time="0.266"/>
  <testcase classname="testCase.SwaggerAPI" name="GetUserByIdTest" time="0.394"/>
  <testcase classname="testCase.SwaggerAPI" name="UpdateUser" time="0.528"/>
  <testcase classname="testCase.SwaggerAPI" name="UpdateUser" time="0.557"/>
  <testcase classname="testCase.SwaggerAPI" name="UpdateUser" time="0.381"/>
  <testcase classname="testCase.SwaggerAPI" name="UpdateUser" time="0.379"/>
  <testcase classname="testCase.SwaggerAPI" name="UpdateUser" time="0.401"/>
  <testcase classname="testCase.SwaggerAPI" name="UpdateUser" time="0.413"/>
  <testcase classname="testCase.SwaggerAPI" name="UpdateUser" time="0.401"/>
  <testcase classname="testCase.SwaggerAPI" name="UpdateUser" time="0.405"/>
  <testcase classname="testCase.SwaggerAPI" name="UpdateUser" time="0.368"/>
  <testcase classname="testCase.SwaggerAPI" name="UpdateUser" time="0.37"/>
  <testcase classname="testCase.SwaggerAPI" name="UpdateUser" time="0.366"/>
  <testcase classname="testCase.SwaggerAPI" name="UpdateUser" time="0.374"/>
  <testcase classname="testCase.SwaggerAPI" name="UpdateUser" time="0.418"/>
  <testcase classname="testCase.SwaggerAPI" name="UpdateUser" time="0.404"/>
  <testcase classname="testCase.SwaggerAPI" name="UpdateUser" time="0.379"/>
  <testcase classname="testCase.SwaggerAPI" name="DeleteUserByIdTest" time="0.001"/>
  <testcase classname="testCase.SwaggerAPI" name="DeleteUserByIdTest" time="0.385"/>
  <testcase classname="testCase.SwaggerAPI" name="DeleteUserByIdTest" time="0.373"/>
  <testcase classname="testCase.SwaggerAPI" name="DeleteUserByIdTest" time="0.367"/>
  <testcase classname="testCase.SwaggerAPI" name="DeleteUserByIdTest" time="0.24"/>
  <testcase classname="testCase.SwaggerAPI" name="DeleteUserByIdTest" time="0.371"/>
  <testcase classname="testCase.SwaggerAPI" name="DeleteUserByIdTest" time="0.397"/>
  <testcase classname="testCase.SwaggerAPI" name="DeleteUserByIdTest" time="0.395"/>
</testsuite> <!-- Default test -->
